This file contains any messages produced by compilers while
running configure, to aid debugging if configure makes a mistake.

It was created by configure, which was
generated by GNU Autoconf 2.69.  Invocation command line was

  $ ./configure 

## --------- ##
## Platform. ##
## --------- ##

hostname = linux-7cwk.site
uname -m = x86_64
uname -r = 3.4.63-2.44-desktop
uname -s = Linux
uname -v = #1 SMP PREEMPT Wed Oct 2 11:18:32 UTC 2013 (d91a619)

/usr/bin/uname -p = x86_64
/bin/uname -X     = unknown

/bin/arch              = x86_64
/usr/bin/arch -k       = unknown
/usr/convex/getsysinfo = unknown
/usr/bin/hostinfo      = unknown
/bin/machine           = unknown
/usr/bin/oslevel       = unknown
/bin/universe          = unknown

PATH: /home/sidorenko/Work/MunichSentiment/submodules/crf
PATH: /home/sidorenko/Work/MunichSentiment/submodules/alchemy-2/bin
PATH: /home/sidorenko/Work/MunichSentiment/scripts
PATH: /usr/lib64/mpi/gcc/openmpi/bin
PATH: /home/sidorenko/bin
PATH: /usr/local/bin
PATH: /usr/bin
PATH: /bin
PATH: /usr/bin/X11
PATH: /usr/X11R6/bin
PATH: /usr/games
PATH: /usr/lib/mit/bin
PATH: .


## ----------- ##
## Core tests. ##
## ----------- ##

configure:2482: loading site script /usr/share/site/x86_64-unknown-linux-gnu
| #!/bin/sh
| # Site script for configure. It is resourced via $CONFIG_SITE environment varaible.
| 
| # If user did not specify libdir, guess the correct target:
| # Use lib64 for 64 bit bi-arch targets, keep the default for the rest.
| if test "$libdir" = '${exec_prefix}/lib' ; then
| 
| 	ac_config_site_64bit_host=NONE
| 
| 	case "$host" in
| 	"" )
| 		# User did not specify host target.
| 		# The native platform x86_64 is a bi-arch platform.
| 		# Try to detect cross-compilation to inferior architecture.
| 
| 		# We are trying to guess 32-bit target compilation. It's not as easy as
| 		# it sounds, as there is possible several intermediate combinations.
| 		ac_config_site_cross_to_32bit_host=NONE
| 
| 		# User defined -m32 in CFLAGS or CXXFLAGS:
| 		# (It's sufficient for 32-bit, but alone may cause mis-behavior of some checks.)
| 		case "$CFLAGS" in
| 		*-m32*)
| 			ac_config_site_cross_to_32bit_host=YES
| 			;;
| 		esac
| 		case "$CXXFLAGS" in
| 		*-m32*)
| 			ac_config_site_cross_to_32bit_host=YES
| 			;;
| 		esac
| 
| 		# Running with linux32:
| 		# (Changes detected platform, but not the toolchain target.)
| 		case "`/bin/uname -i`" in
| 		x86_64 | ppc64 | s390x )
| 			;;
| 		* )
| 			ac_config_site_cross_to_32bit_host=YES
| 			;;
| 		esac
| 
| 		if test "x$ac_config_site_cross_to_32bit_host" = xNONE; then
| 			ac_config_site_64bit_host=YES
| 		fi
| 
| 		;;
| 	*x86_64* | *ppc64* | *s390x* )
| 		ac_config_site_64bit_host=YES
| 		;;
| 	esac
| 
| 	if test "x$ac_config_site_64bit_host" = xYES; then
| 		libdir='${exec_prefix}/lib64'
| 	fi
| fi
| 
| # If user did not specify libexecdir, set the correct target:
| # Nor FHS nor openSUSE allow prefix/libexec. Let's default to prefix/lib.
| 
| if test "$libexecdir" = '${exec_prefix}/libexec' ; then
| 	libexecdir='${exec_prefix}/lib'
| fi
| 
| # Continue with the standard behavior of configure defined in AC_SITE_LOAD:
| if test "x$prefix" != xNONE; then
| 	ac_site_file1=$prefix/share/config.site
| 	ac_site_file2=$prefix/etc/config.site
| else
| 	ac_site_file1=$ac_default_prefix/share/config.site
| 	ac_site_file2=$ac_default_prefix/etc/config.site
| fi
| for ac_site_file in "$ac_site_file1" "$ac_site_file2"
| do
| 	test "x$ac_site_file" = xNONE && continue
| 	if test /dev/null != "$ac_site_file" && test -r "$ac_site_file"; then
| 		{ $as_echo "/usr/share/site/x86_64-unknown-linux-gnu:${as_lineno-$LINENO}: loading site script $ac_site_file" >&5
| $as_echo "/usr/share/site/x86_64-unknown-linux-gnu: loading site script $ac_site_file" >&6;}
| 		sed 's/^/| /' "$ac_site_file" >&5
| 		. "$ac_site_file" \
| 			|| { { $as_echo "/usr/share/site/x86_64-unknown-linux-gnu:${as_lineno-$LINENO}: error: in \`$ac_pwd':" >&5
| $as_echo "/usr/share/site/x86_64-unknown-linux-gnu: error: in \`$ac_pwd':" >&2;}
| as_fn_error $? "failed to load site script $ac_site_file
| See \`config.log' for more details" "$LINENO" 5; }
| 	fi
| done
configure:2614: checking build system type
configure:2628: result: x86_64-unknown-linux-gnu
configure:2648: checking host system type
configure:2661: result: x86_64-unknown-linux-gnu
configure:2729: checking for gcc
configure:2745: found /usr/bin/gcc
configure:2756: result: gcc
configure:2985: checking for C compiler version
configure:2994: gcc --version >&5
gcc (SUSE Linux) 4.7.1 20120723 [gcc-4_7-branch revision 189773]
Copyright (C) 2012 Free Software Foundation, Inc.
This is free software; see the source for copying conditions.  There is NO
warranty; not even for MERCHANTABILITY or FITNESS FOR A PARTICULAR PURPOSE.

configure:3005: $? = 0
configure:2994: gcc -v >&5
Using built-in specs.
COLLECT_GCC=gcc
COLLECT_LTO_WRAPPER=/usr/lib64/gcc/x86_64-suse-linux/4.7/lto-wrapper
Target: x86_64-suse-linux
Configured with: ../configure --prefix=/usr --infodir=/usr/share/info --mandir=/usr/share/man --libdir=/usr/lib64 --libexecdir=/usr/lib64 --enable-languages=c,c++,objc,fortran,obj-c++,java,ada --enable-checking=release --with-gxx-include-dir=/usr/include/c++/4.7 --enable-ssp --disable-libssp --disable-libitm --disable-plugin --with-bugurl=http://bugs.opensuse.org/ --with-pkgversion='SUSE Linux' --disable-libgcj --disable-libmudflap --with-slibdir=/lib64 --with-system-zlib --enable-__cxa_atexit --enable-libstdcxx-allocator=new --disable-libstdcxx-pch --enable-version-specific-runtime-libs --enable-linker-build-id --program-suffix=-4.7 --enable-linux-futex --without-system-libunwind --with-arch-32=i586 --with-tune=generic --build=x86_64-suse-linux
Thread model: posix
gcc version 4.7.1 20120723 [gcc-4_7-branch revision 189773] (SUSE Linux) 
configure:3005: $? = 0
configure:2994: gcc -V >&5
gcc: error: unrecognized command line option '-V'
gcc: fatal error: no input files
compilation terminated.
configure:3005: $? = 1
configure:2994: gcc -qversion >&5
gcc: error: unrecognized command line option '-qversion'
gcc: fatal error: no input files
compilation terminated.
configure:3005: $? = 1
configure:3025: checking whether the C compiler works
configure:3047: gcc    conftest.c  >&5
configure:3051: $? = 0
configure:3099: result: yes
configure:3102: checking for C compiler default output file name
configure:3104: result: a.out
configure:3110: checking for suffix of executables
configure:3117: gcc -o conftest    conftest.c  >&5
configure:3121: $? = 0
configure:3143: result: 
configure:3165: checking whether we are cross compiling
configure:3173: gcc -o conftest    conftest.c  >&5
configure:3177: $? = 0
configure:3184: ./conftest
configure:3188: $? = 0
configure:3203: result: no
configure:3208: checking for suffix of object files
configure:3230: gcc -c   conftest.c >&5
configure:3234: $? = 0
configure:3255: result: o
configure:3259: checking whether we are using the GNU C compiler
configure:3278: gcc -c   conftest.c >&5
configure:3278: $? = 0
configure:3287: result: yes
configure:3296: checking whether gcc accepts -g
configure:3316: gcc -c -g  conftest.c >&5
configure:3316: $? = 0
configure:3357: result: yes
configure:3374: checking for gcc option to accept ISO C89
configure:3437: gcc  -c -g -O2  conftest.c >&5
configure:3437: $? = 0
configure:3450: result: none needed
configure:3476: checking how to run the C preprocessor
configure:3507: gcc -E  conftest.c
configure:3507: $? = 0
configure:3521: gcc -E  conftest.c
conftest.c:9:28: fatal error: ac_nonexistent.h: No such file or directory
compilation terminated.
configure:3521: $? = 1
configure: failed program was:
| /* confdefs.h */
| #define PACKAGE_NAME ""
| #define PACKAGE_TARNAME ""
| #define PACKAGE_VERSION ""
| #define PACKAGE_STRING ""
| #define PACKAGE_BUGREPORT ""
| #define PACKAGE_URL ""
| /* end confdefs.h.  */
| #include <ac_nonexistent.h>
configure:3546: result: gcc -E
configure:3566: gcc -E  conftest.c
configure:3566: $? = 0
configure:3580: gcc -E  conftest.c
conftest.c:9:28: fatal error: ac_nonexistent.h: No such file or directory
compilation terminated.
configure:3580: $? = 1
configure: failed program was:
| /* confdefs.h */
| #define PACKAGE_NAME ""
| #define PACKAGE_TARNAME ""
| #define PACKAGE_VERSION ""
| #define PACKAGE_STRING ""
| #define PACKAGE_BUGREPORT ""
| #define PACKAGE_URL ""
| /* end confdefs.h.  */
| #include <ac_nonexistent.h>
configure:3609: checking for grep that handles long lines and -e
configure:3667: result: /usr/bin/grep
configure:3672: checking for egrep
configure:3734: result: /usr/bin/grep -E
configure:3739: checking for ANSI C header files
configure:3759: gcc -c -g -O2  conftest.c >&5
configure:3759: $? = 0
configure:3832: gcc -o conftest -g -O2   conftest.c  >&5
configure:3832: $? = 0
configure:3832: ./conftest
configure:3832: $? = 0
configure:3843: result: yes
configure:3856: checking for sys/types.h
configure:3856: gcc -c -g -O2  conftest.c >&5
configure:3856: $? = 0
configure:3856: result: yes
configure:3856: checking for sys/stat.h
configure:3856: gcc -c -g -O2  conftest.c >&5
configure:3856: $? = 0
configure:3856: result: yes
configure:3856: checking for stdlib.h
configure:3856: gcc -c -g -O2  conftest.c >&5
configure:3856: $? = 0
configure:3856: result: yes
configure:3856: checking for string.h
configure:3856: gcc -c -g -O2  conftest.c >&5
configure:3856: $? = 0
configure:3856: result: yes
configure:3856: checking for memory.h
configure:3856: gcc -c -g -O2  conftest.c >&5
configure:3856: $? = 0
configure:3856: result: yes
configure:3856: checking for strings.h
configure:3856: gcc -c -g -O2  conftest.c >&5
configure:3856: $? = 0
configure:3856: result: yes
configure:3856: checking for inttypes.h
configure:3856: gcc -c -g -O2  conftest.c >&5
configure:3856: $? = 0
configure:3856: result: yes
configure:3856: checking for stdint.h
configure:3856: gcc -c -g -O2  conftest.c >&5
configure:3856: $? = 0
configure:3856: result: yes
configure:3856: checking for unistd.h
configure:3856: gcc -c -g -O2  conftest.c >&5
configure:3856: $? = 0
configure:3856: result: yes
configure:3869: checking minix/config.h usability
configure:3869: gcc -c -g -O2  conftest.c >&5
conftest.c:52:26: fatal error: minix/config.h: No such file or directory
compilation terminated.
configure:3869: $? = 1
configure: failed program was:
| /* confdefs.h */
| #define PACKAGE_NAME ""
| #define PACKAGE_TARNAME ""
| #define PACKAGE_VERSION ""
| #define PACKAGE_STRING ""
| #define PACKAGE_BUGREPORT ""
| #define PACKAGE_URL ""
| #define STDC_HEADERS 1
| #define HAVE_SYS_TYPES_H 1
| #define HAVE_SYS_STAT_H 1
| #define HAVE_STDLIB_H 1
| #define HAVE_STRING_H 1
| #define HAVE_MEMORY_H 1
| #define HAVE_STRINGS_H 1
| #define HAVE_INTTYPES_H 1
| #define HAVE_STDINT_H 1
| #define HAVE_UNISTD_H 1
| /* end confdefs.h.  */
| #include <stdio.h>
| #ifdef HAVE_SYS_TYPES_H
| # include <sys/types.h>
| #endif
| #ifdef HAVE_SYS_STAT_H
| # include <sys/stat.h>
| #endif
| #ifdef STDC_HEADERS
| # include <stdlib.h>
| # include <stddef.h>
| #else
| # ifdef HAVE_STDLIB_H
| #  include <stdlib.h>
| # endif
| #endif
| #ifdef HAVE_STRING_H
| # if !defined STDC_HEADERS && defined HAVE_MEMORY_H
| #  include <memory.h>
| # endif
| # include <string.h>
| #endif
| #ifdef HAVE_STRINGS_H
| # include <strings.h>
| #endif
| #ifdef HAVE_INTTYPES_H
| # include <inttypes.h>
| #endif
| #ifdef HAVE_STDINT_H
| # include <stdint.h>
| #endif
| #ifdef HAVE_UNISTD_H
| # include <unistd.h>
| #endif
| #include <minix/config.h>
configure:3869: result: no
configure:3869: checking minix/config.h presence
configure:3869: gcc -E  conftest.c
conftest.c:19:26: fatal error: minix/config.h: No such file or directory
compilation terminated.
configure:3869: $? = 1
configure: failed program was:
| /* confdefs.h */
| #define PACKAGE_NAME ""
| #define PACKAGE_TARNAME ""
| #define PACKAGE_VERSION ""
| #define PACKAGE_STRING ""
| #define PACKAGE_BUGREPORT ""
| #define PACKAGE_URL ""
| #define STDC_HEADERS 1
| #define HAVE_SYS_TYPES_H 1
| #define HAVE_SYS_STAT_H 1
| #define HAVE_STDLIB_H 1
| #define HAVE_STRING_H 1
| #define HAVE_MEMORY_H 1
| #define HAVE_STRINGS_H 1
| #define HAVE_INTTYPES_H 1
| #define HAVE_STDINT_H 1
| #define HAVE_UNISTD_H 1
| /* end confdefs.h.  */
| #include <minix/config.h>
configure:3869: result: no
configure:3869: checking for minix/config.h
configure:3869: result: no
configure:3890: checking whether it is safe to define __EXTENSIONS__
configure:3908: gcc -c -g -O2  conftest.c >&5
configure:3908: $? = 0
configure:3915: result: yes
configure:3931: checking for library containing strerror
configure:3962: gcc -o conftest -g -O2   conftest.c  >&5
configure:3962: $? = 0
configure:3979: result: none required
configure:4005: checking for a BSD-compatible install
configure:4073: result: /usr/bin/install -c
configure:4084: checking whether build environment is sane
configure:4134: result: yes
configure:4275: checking for a thread-safe mkdir -p
configure:4314: result: /usr/bin/mkdir -p
configure:4327: checking for gawk
configure:4343: found /usr/bin/gawk
configure:4354: result: gawk
configure:4365: checking whether make sets $(MAKE)
configure:4387: result: yes
configure:4417: checking for style of include used by make
configure:4445: result: GNU
configure:4530: checking dependency style of gcc
configure:4640: result: gcc3
configure:4659: checking whether to enable maintainer-specific portions of Makefiles
configure:4668: result: no
configure:4681: checking for function prototypes
configure:4684: result: yes
configure:4707: checking for string.h
configure:4707: result: yes
configure:4721: checking whether gcc and cc understand -c and -o together
configure:4752: gcc -c conftest.c -o conftest2.o >&5
configure:4756: $? = 0
configure:4762: gcc -c conftest.c -o conftest2.o >&5
configure:4766: $? = 0
configure:4777: cc -c conftest.c >&5
configure:4781: $? = 0
configure:4789: cc -c conftest.c -o conftest2.o >&5
configure:4793: $? = 0
configure:4799: cc -c conftest.c -o conftest2.o >&5
configure:4803: $? = 0
configure:4821: result: yes
configure:4871: checking for a sed that does not truncate output
configure:4935: result: /usr/bin/sed
configure:4953: checking for fgrep
configure:5015: result: /usr/bin/grep -F
configure:5050: checking for ld used by gcc
configure:5117: result: /usr/x86_64-suse-linux/bin/ld
configure:5124: checking if the linker (/usr/x86_64-suse-linux/bin/ld) is GNU ld
configure:5139: result: yes
configure:5151: checking for BSD- or MS-compatible name lister (nm)
configure:5200: result: /usr/bin/nm -B
configure:5318: checking the name lister (/usr/bin/nm -B) interface
configure:5325: gcc -c -g -O2  conftest.c >&5
configure:5328: /usr/bin/nm -B "conftest.o"
configure:5331: output
0000000000000000 B some_variable
configure:5338: result: BSD nm
configure:5341: checking whether ln -s works
configure:5345: result: yes
configure:5353: checking the maximum length of command line arguments
configure:5473: result: 1572864
configure:5490: checking whether the shell understands some XSI constructs
configure:5500: result: yes
configure:5504: checking whether the shell understands "+="
configure:5510: result: yes
configure:5545: checking for /usr/x86_64-suse-linux/bin/ld option to reload object files
configure:5552: result: -r
configure:5621: checking for objdump
configure:5637: found /usr/bin/objdump
configure:5648: result: objdump
configure:5680: checking how to recognize dependent libraries
configure:5876: result: pass_all
configure:5936: checking for ar
configure:5952: found /usr/bin/ar
configure:5963: result: ar
configure:6041: checking for strip
configure:6057: found /usr/bin/strip
configure:6068: result: strip
configure:6140: checking for ranlib
configure:6156: found /usr/bin/ranlib
configure:6167: result: ranlib
configure:6257: checking command to parse /usr/bin/nm -B output from gcc object
configure:6375: gcc -c -g -O2  conftest.c >&5
configure:6378: $? = 0
configure:6382: /usr/bin/nm -B conftest.o \| sed -n -e 's/^.*[	 ]\([ABCDGIRSTW][ABCDGIRSTW]*\)[	 ][	 ]*\([_A-Za-z][_A-Za-z0-9]*\)$/\1 \2 \2/p' \> conftest.nm
configure:6385: $? = 0
configure:6439: gcc -o conftest -g -O2   conftest.c conftstm.o >&5
configure:6442: $? = 0
configure:6480: result: ok
configure:6575: gcc -c -g -O2  conftest.c >&5
configure:6578: $? = 0
configure:7285: checking for dlfcn.h
configure:7285: gcc -c -g -O2  conftest.c >&5
configure:7285: $? = 0
configure:7285: result: yes
configure:7469: checking for objdir
configure:7484: result: .libs
configure:7776: checking if gcc supports -fno-rtti -fno-exceptions
configure:7794: gcc -c -g -O2  -fno-rtti -fno-exceptions conftest.c >&5
cc1: warning: command line option '-fno-rtti' is valid for C++/ObjC++ but not for C [enabled by default]
configure:7798: $? = 0
configure:7811: result: no
configure:7831: checking for gcc option to produce PIC
configure:8103: result: -fPIC -DPIC
configure:8115: checking if gcc PIC flag -fPIC -DPIC works
configure:8133: gcc -c -g -O2  -fPIC -DPIC -DPIC conftest.c >&5
configure:8137: $? = 0
configure:8150: result: yes
configure:8174: checking if gcc static flag -static works
configure:8202: result: no
configure:8217: checking if gcc supports -c -o file.o
configure:8238: gcc -c -g -O2  -o out/conftest2.o conftest.c >&5
configure:8242: $? = 0
configure:8264: result: yes
configure:8272: checking if gcc supports -c -o file.o
configure:8319: result: yes
configure:8352: checking whether the gcc linker (/usr/x86_64-suse-linux/bin/ld -m elf_x86_64) supports shared libraries
configure:9343: result: yes
configure:9380: checking whether -lc should be explicitly linked in
configure:9385: gcc -c -g -O2  conftest.c >&5
configure:9388: $? = 0
configure:9403: gcc -shared conftest.o  -v -Wl,-soname -Wl,conftest -o conftest 2\>\&1 \| /usr/bin/grep  -lc  \>/dev/null 2\>\&1
configure:9406: $? = 0
configure:9418: result: no
configure:9582: checking dynamic linker characteristics
configure:10015: gcc -o conftest -g -O2   -Wl,-rpath -Wl,/foo conftest.c  >&5
configure:10015: $? = 0
configure:10245: result: GNU/Linux ld.so
configure:10347: checking how to hardcode library paths into programs
configure:10372: result: immediate
configure:10892: checking whether stripping libraries is possible
configure:10897: result: yes
configure:10932: checking if libtool supports shared libraries
configure:10934: result: yes
configure:10937: checking whether to build shared libraries
configure:10958: result: yes
configure:10961: checking whether to build static libraries
configure:10965: result: yes
configure:11001: checking whether ln -s works
configure:11005: result: yes
configure:11019: checking for ANSI C header files
configure:11123: result: yes
configure:11134: checking fcntl.h usability
configure:11134: gcc -c -std=c99   conftest.c >&5
configure:11134: $? = 0
configure:11134: result: yes
configure:11134: checking fcntl.h presence
configure:11134: gcc -E  conftest.c
configure:11134: $? = 0
configure:11134: result: yes
configure:11134: checking for fcntl.h
configure:11134: result: yes
configure:11134: checking limits.h usability
configure:11134: gcc -c -std=c99   conftest.c >&5
configure:11134: $? = 0
configure:11134: result: yes
configure:11134: checking limits.h presence
configure:11134: gcc -E  conftest.c
configure:11134: $? = 0
configure:11134: result: yes
configure:11134: checking for limits.h
configure:11134: result: yes
configure:11134: checking malloc.h usability
configure:11134: gcc -c -std=c99   conftest.c >&5
configure:11134: $? = 0
configure:11134: result: yes
configure:11134: checking malloc.h presence
configure:11134: gcc -E  conftest.c
configure:11134: $? = 0
configure:11134: result: yes
configure:11134: checking for malloc.h
configure:11134: result: yes
configure:11134: checking for strings.h
configure:11134: result: yes
configure:11134: checking for unistd.h
configure:11134: result: yes
configure:11134: checking for stdint.h
configure:11134: result: yes
configure:11146: checking for an ANSI C-conforming const
configure:11212: gcc -c -std=c99   conftest.c >&5
configure:11212: $? = 0
configure:11219: result: yes
configure:11231: checking size of 
configure:11236: gcc -o conftest -std=c99    conftest.c  >&5
conftest.c: In function 'longval':
conftest.c:71:57: error: expected expression before ')' token
conftest.c: In function 'ulongval':
conftest.c:72:67: error: expected expression before ')' token
conftest.c: In function 'main':
conftest.c:82:28: error: expected expression before ')' token
conftest.c:85:37: error: expected expression before ')' token
conftest.c:92:37: error: expected expression before ')' token
configure:11236: $? = 1
configure: program exited with status 1
configure: failed program was:
| /* confdefs.h */
| #define PACKAGE_NAME ""
| #define PACKAGE_TARNAME ""
| #define PACKAGE_VERSION ""
| #define PACKAGE_STRING ""
| #define PACKAGE_BUGREPORT ""
| #define PACKAGE_URL ""
| #define STDC_HEADERS 1
| #define HAVE_SYS_TYPES_H 1
| #define HAVE_SYS_STAT_H 1
| #define HAVE_STDLIB_H 1
| #define HAVE_STRING_H 1
| #define HAVE_MEMORY_H 1
| #define HAVE_STRINGS_H 1
| #define HAVE_INTTYPES_H 1
| #define HAVE_STDINT_H 1
| #define HAVE_UNISTD_H 1
| #define __EXTENSIONS__ 1
| #define _ALL_SOURCE 1
| #define _GNU_SOURCE 1
| #define _POSIX_PTHREAD_SEMANTICS 1
| #define _TANDEM_SOURCE 1
| #define PACKAGE "crfsuite"
| #define VERSION "0.12"
| #define PROTOTYPES 1
| #define __PROTOTYPES 1
| #define HAVE_STRING_H 1
| #define HAVE_DLFCN_H 1
| #define LT_OBJDIR ".libs/"
| #define STDC_HEADERS 1
| #define HAVE_FCNTL_H 1
| #define HAVE_LIMITS_H 1
| #define HAVE_MALLOC_H 1
| #define HAVE_STRINGS_H 1
| #define HAVE_UNISTD_H 1
| #define HAVE_STDINT_H 1
| /* end confdefs.h.  */
| #include <stdio.h>
| #ifdef HAVE_SYS_TYPES_H
| # include <sys/types.h>
| #endif
| #ifdef HAVE_SYS_STAT_H
| # include <sys/stat.h>
| #endif
| #ifdef STDC_HEADERS
| # include <stdlib.h>
| # include <stddef.h>
| #else
| # ifdef HAVE_STDLIB_H
| #  include <stdlib.h>
| # endif
| #endif
| #ifdef HAVE_STRING_H
| # if !defined STDC_HEADERS && defined HAVE_MEMORY_H
| #  include <memory.h>
| # endif
| # include <string.h>
| #endif
| #ifdef HAVE_STRINGS_H
| # include <strings.h>
| #endif
| #ifdef HAVE_INTTYPES_H
| # include <inttypes.h>
| #endif
| #ifdef HAVE_STDINT_H
| # include <stdint.h>
| #endif
| #ifdef HAVE_UNISTD_H
| # include <unistd.h>
| #endif
| static long int longval () { return (long int) (sizeof ()); }
| static unsigned long int ulongval () { return (long int) (sizeof ()); }
| #include <stdio.h>
| #include <stdlib.h>
| int
| main ()
| {
| 
|   FILE *f = fopen ("conftest.val", "w");
|   if (! f)
|     return 1;
|   if (((long int) (sizeof ())) < 0)
|     {
|       long int i = longval ();
|       if (i != ((long int) (sizeof ())))
| 	return 1;
|       fprintf (f, "%ld", i);
|     }
|   else
|     {
|       unsigned long int i = ulongval ();
|       if (i != ((long int) (sizeof ())))
| 	return 1;
|       fprintf (f, "%lu", i);
|     }
|   /* Do not output a trailing newline, as this causes \r\n confusion
|      on some platforms.  */
|   return ferror (f) || fclose (f) != 0;
| 
|   ;
|   return 0;
| }
configure:11250: result: 0
configure:11260: checking for size_t
configure:11260: gcc -c -std=c99   conftest.c >&5
configure:11260: $? = 0
configure:11260: gcc -c -std=c99   conftest.c >&5
conftest.c: In function 'main':
conftest.c:75:21: error: expected expression before ')' token
configure:11260: $? = 1
configure: failed program was:
| /* confdefs.h */
| #define PACKAGE_NAME ""
| #define PACKAGE_TARNAME ""
| #define PACKAGE_VERSION ""
| #define PACKAGE_STRING ""
| #define PACKAGE_BUGREPORT ""
| #define PACKAGE_URL ""
| #define STDC_HEADERS 1
| #define HAVE_SYS_TYPES_H 1
| #define HAVE_SYS_STAT_H 1
| #define HAVE_STDLIB_H 1
| #define HAVE_STRING_H 1
| #define HAVE_MEMORY_H 1
| #define HAVE_STRINGS_H 1
| #define HAVE_INTTYPES_H 1
| #define HAVE_STDINT_H 1
| #define HAVE_UNISTD_H 1
| #define __EXTENSIONS__ 1
| #define _ALL_SOURCE 1
| #define _GNU_SOURCE 1
| #define _POSIX_PTHREAD_SEMANTICS 1
| #define _TANDEM_SOURCE 1
| #define PACKAGE "crfsuite"
| #define VERSION "0.12"
| #define PROTOTYPES 1
| #define __PROTOTYPES 1
| #define HAVE_STRING_H 1
| #define HAVE_DLFCN_H 1
| #define LT_OBJDIR ".libs/"
| #define STDC_HEADERS 1
| #define HAVE_FCNTL_H 1
| #define HAVE_LIMITS_H 1
| #define HAVE_MALLOC_H 1
| #define HAVE_STRINGS_H 1
| #define HAVE_UNISTD_H 1
| #define HAVE_STDINT_H 1
| #define SIZEOF_ 0
| /* end confdefs.h.  */
| #include <stdio.h>
| #ifdef HAVE_SYS_TYPES_H
| # include <sys/types.h>
| #endif
| #ifdef HAVE_SYS_STAT_H
| # include <sys/stat.h>
| #endif
| #ifdef STDC_HEADERS
| # include <stdlib.h>
| # include <stddef.h>
| #else
| # ifdef HAVE_STDLIB_H
| #  include <stdlib.h>
| # endif
| #endif
| #ifdef HAVE_STRING_H
| # if !defined STDC_HEADERS && defined HAVE_MEMORY_H
| #  include <memory.h>
| # endif
| # include <string.h>
| #endif
| #ifdef HAVE_STRINGS_H
| # include <strings.h>
| #endif
| #ifdef HAVE_INTTYPES_H
| # include <inttypes.h>
| #endif
| #ifdef HAVE_STDINT_H
| # include <stdint.h>
| #endif
| #ifdef HAVE_UNISTD_H
| # include <unistd.h>
| #endif
| int
| main ()
| {
| if (sizeof ((size_t)))
| 	    return 0;
|   ;
|   return 0;
| }
configure:11260: result: yes
configure:11271: checking whether struct tm is in sys/time.h or time.h
configure:11291: gcc -c -std=c99   conftest.c >&5
configure:11291: $? = 0
configure:11298: result: time.h
configure:11310: checking size of short
configure:11315: gcc -o conftest -std=c99    conftest.c  >&5
configure:11315: $? = 0
configure:11315: ./conftest
configure:11315: $? = 0
configure:11329: result: 2
configure:11343: checking size of unsigned short
configure:11348: gcc -o conftest -std=c99    conftest.c  >&5
configure:11348: $? = 0
configure:11348: ./conftest
configure:11348: $? = 0
configure:11362: result: 2
configure:11376: checking size of int
configure:11381: gcc -o conftest -std=c99    conftest.c  >&5
configure:11381: $? = 0
configure:11381: ./conftest
configure:11381: $? = 0
configure:11395: result: 4
configure:11409: checking size of unsigned int
configure:11414: gcc -o conftest -std=c99    conftest.c  >&5
configure:11414: $? = 0
configure:11414: ./conftest
configure:11414: $? = 0
configure:11428: result: 4
configure:11442: checking size of long
configure:11447: gcc -o conftest -std=c99    conftest.c  >&5
configure:11447: $? = 0
configure:11447: ./conftest
configure:11447: $? = 0
configure:11461: result: 8
configure:11475: checking size of unsigned long
configure:11480: gcc -o conftest -std=c99    conftest.c  >&5
configure:11480: $? = 0
configure:11480: ./conftest
configure:11480: $? = 0
configure:11494: result: 8
configure:11505: checking for uint8_t
configure:11505: gcc -c -std=c99   conftest.c >&5
configure:11505: $? = 0
configure:11505: gcc -c -std=c99   conftest.c >&5
conftest.c: In function 'main':
conftest.c:81:22: error: expected expression before ')' token
configure:11505: $? = 1
configure: failed program was:
| /* confdefs.h */
| #define PACKAGE_NAME ""
| #define PACKAGE_TARNAME ""
| #define PACKAGE_VERSION ""
| #define PACKAGE_STRING ""
| #define PACKAGE_BUGREPORT ""
| #define PACKAGE_URL ""
| #define STDC_HEADERS 1
| #define HAVE_SYS_TYPES_H 1
| #define HAVE_SYS_STAT_H 1
| #define HAVE_STDLIB_H 1
| #define HAVE_STRING_H 1
| #define HAVE_MEMORY_H 1
| #define HAVE_STRINGS_H 1
| #define HAVE_INTTYPES_H 1
| #define HAVE_STDINT_H 1
| #define HAVE_UNISTD_H 1
| #define __EXTENSIONS__ 1
| #define _ALL_SOURCE 1
| #define _GNU_SOURCE 1
| #define _POSIX_PTHREAD_SEMANTICS 1
| #define _TANDEM_SOURCE 1
| #define PACKAGE "crfsuite"
| #define VERSION "0.12"
| #define PROTOTYPES 1
| #define __PROTOTYPES 1
| #define HAVE_STRING_H 1
| #define HAVE_DLFCN_H 1
| #define LT_OBJDIR ".libs/"
| #define STDC_HEADERS 1
| #define HAVE_FCNTL_H 1
| #define HAVE_LIMITS_H 1
| #define HAVE_MALLOC_H 1
| #define HAVE_STRINGS_H 1
| #define HAVE_UNISTD_H 1
| #define HAVE_STDINT_H 1
| #define SIZEOF_ 0
| #define SIZEOF_SHORT 2
| #define SIZEOF_UNSIGNED_SHORT 2
| #define SIZEOF_INT 4
| #define SIZEOF_UNSIGNED_INT 4
| #define SIZEOF_LONG 8
| #define SIZEOF_UNSIGNED_LONG 8
| /* end confdefs.h.  */
| #include <stdio.h>
| #ifdef HAVE_SYS_TYPES_H
| # include <sys/types.h>
| #endif
| #ifdef HAVE_SYS_STAT_H
| # include <sys/stat.h>
| #endif
| #ifdef STDC_HEADERS
| # include <stdlib.h>
| # include <stddef.h>
| #else
| # ifdef HAVE_STDLIB_H
| #  include <stdlib.h>
| # endif
| #endif
| #ifdef HAVE_STRING_H
| # if !defined STDC_HEADERS && defined HAVE_MEMORY_H
| #  include <memory.h>
| # endif
| # include <string.h>
| #endif
| #ifdef HAVE_STRINGS_H
| # include <strings.h>
| #endif
| #ifdef HAVE_INTTYPES_H
| # include <inttypes.h>
| #endif
| #ifdef HAVE_STDINT_H
| # include <stdint.h>
| #endif
| #ifdef HAVE_UNISTD_H
| # include <unistd.h>
| #endif
| int
| main ()
| {
| if (sizeof ((uint8_t)))
| 	    return 0;
|   ;
|   return 0;
| }
configure:11505: result: yes
configure:11514: checking for uint16_t
configure:11514: gcc -c -std=c99   conftest.c >&5
configure:11514: $? = 0
configure:11514: gcc -c -std=c99   conftest.c >&5
conftest.c: In function 'main':
conftest.c:82:23: error: expected expression before ')' token
configure:11514: $? = 1
configure: failed program was:
| /* confdefs.h */
| #define PACKAGE_NAME ""
| #define PACKAGE_TARNAME ""
| #define PACKAGE_VERSION ""
| #define PACKAGE_STRING ""
| #define PACKAGE_BUGREPORT ""
| #define PACKAGE_URL ""
| #define STDC_HEADERS 1
| #define HAVE_SYS_TYPES_H 1
| #define HAVE_SYS_STAT_H 1
| #define HAVE_STDLIB_H 1
| #define HAVE_STRING_H 1
| #define HAVE_MEMORY_H 1
| #define HAVE_STRINGS_H 1
| #define HAVE_INTTYPES_H 1
| #define HAVE_STDINT_H 1
| #define HAVE_UNISTD_H 1
| #define __EXTENSIONS__ 1
| #define _ALL_SOURCE 1
| #define _GNU_SOURCE 1
| #define _POSIX_PTHREAD_SEMANTICS 1
| #define _TANDEM_SOURCE 1
| #define PACKAGE "crfsuite"
| #define VERSION "0.12"
| #define PROTOTYPES 1
| #define __PROTOTYPES 1
| #define HAVE_STRING_H 1
| #define HAVE_DLFCN_H 1
| #define LT_OBJDIR ".libs/"
| #define STDC_HEADERS 1
| #define HAVE_FCNTL_H 1
| #define HAVE_LIMITS_H 1
| #define HAVE_MALLOC_H 1
| #define HAVE_STRINGS_H 1
| #define HAVE_UNISTD_H 1
| #define HAVE_STDINT_H 1
| #define SIZEOF_ 0
| #define SIZEOF_SHORT 2
| #define SIZEOF_UNSIGNED_SHORT 2
| #define SIZEOF_INT 4
| #define SIZEOF_UNSIGNED_INT 4
| #define SIZEOF_LONG 8
| #define SIZEOF_UNSIGNED_LONG 8
| #define HAVE_UINT8_T 1
| /* end confdefs.h.  */
| #include <stdio.h>
| #ifdef HAVE_SYS_TYPES_H
| # include <sys/types.h>
| #endif
| #ifdef HAVE_SYS_STAT_H
| # include <sys/stat.h>
| #endif
| #ifdef STDC_HEADERS
| # include <stdlib.h>
| # include <stddef.h>
| #else
| # ifdef HAVE_STDLIB_H
| #  include <stdlib.h>
| # endif
| #endif
| #ifdef HAVE_STRING_H
| # if !defined STDC_HEADERS && defined HAVE_MEMORY_H
| #  include <memory.h>
| # endif
| # include <string.h>
| #endif
| #ifdef HAVE_STRINGS_H
| # include <strings.h>
| #endif
| #ifdef HAVE_INTTYPES_H
| # include <inttypes.h>
| #endif
| #ifdef HAVE_STDINT_H
| # include <stdint.h>
| #endif
| #ifdef HAVE_UNISTD_H
| # include <unistd.h>
| #endif
| int
| main ()
| {
| if (sizeof ((uint16_t)))
| 	    return 0;
|   ;
|   return 0;
| }
configure:11514: result: yes
configure:11523: checking for uint32_t
configure:11523: gcc -c -std=c99   conftest.c >&5
configure:11523: $? = 0
configure:11523: gcc -c -std=c99   conftest.c >&5
conftest.c: In function 'main':
conftest.c:83:23: error: expected expression before ')' token
configure:11523: $? = 1
configure: failed program was:
| /* confdefs.h */
| #define PACKAGE_NAME ""
| #define PACKAGE_TARNAME ""
| #define PACKAGE_VERSION ""
| #define PACKAGE_STRING ""
| #define PACKAGE_BUGREPORT ""
| #define PACKAGE_URL ""
| #define STDC_HEADERS 1
| #define HAVE_SYS_TYPES_H 1
| #define HAVE_SYS_STAT_H 1
| #define HAVE_STDLIB_H 1
| #define HAVE_STRING_H 1
| #define HAVE_MEMORY_H 1
| #define HAVE_STRINGS_H 1
| #define HAVE_INTTYPES_H 1
| #define HAVE_STDINT_H 1
| #define HAVE_UNISTD_H 1
| #define __EXTENSIONS__ 1
| #define _ALL_SOURCE 1
| #define _GNU_SOURCE 1
| #define _POSIX_PTHREAD_SEMANTICS 1
| #define _TANDEM_SOURCE 1
| #define PACKAGE "crfsuite"
| #define VERSION "0.12"
| #define PROTOTYPES 1
| #define __PROTOTYPES 1
| #define HAVE_STRING_H 1
| #define HAVE_DLFCN_H 1
| #define LT_OBJDIR ".libs/"
| #define STDC_HEADERS 1
| #define HAVE_FCNTL_H 1
| #define HAVE_LIMITS_H 1
| #define HAVE_MALLOC_H 1
| #define HAVE_STRINGS_H 1
| #define HAVE_UNISTD_H 1
| #define HAVE_STDINT_H 1
| #define SIZEOF_ 0
| #define SIZEOF_SHORT 2
| #define SIZEOF_UNSIGNED_SHORT 2
| #define SIZEOF_INT 4
| #define SIZEOF_UNSIGNED_INT 4
| #define SIZEOF_LONG 8
| #define SIZEOF_UNSIGNED_LONG 8
| #define HAVE_UINT8_T 1
| #define HAVE_UINT16_T 1
| /* end confdefs.h.  */
| #include <stdio.h>
| #ifdef HAVE_SYS_TYPES_H
| # include <sys/types.h>
| #endif
| #ifdef HAVE_SYS_STAT_H
| # include <sys/stat.h>
| #endif
| #ifdef STDC_HEADERS
| # include <stdlib.h>
| # include <stddef.h>
| #else
| # ifdef HAVE_STDLIB_H
| #  include <stdlib.h>
| # endif
| #endif
| #ifdef HAVE_STRING_H
| # if !defined STDC_HEADERS && defined HAVE_MEMORY_H
| #  include <memory.h>
| # endif
| # include <string.h>
| #endif
| #ifdef HAVE_STRINGS_H
| # include <strings.h>
| #endif
| #ifdef HAVE_INTTYPES_H
| # include <inttypes.h>
| #endif
| #ifdef HAVE_STDINT_H
| # include <stdint.h>
| #endif
| #ifdef HAVE_UNISTD_H
| # include <unistd.h>
| #endif
| int
| main ()
| {
| if (sizeof ((uint32_t)))
| 	    return 0;
|   ;
|   return 0;
| }
configure:11523: result: yes
configure:11572: checking for working alloca.h
configure:11589: gcc -o conftest -mfpmath=sse -msse2 -DUSE_SSE -O3 -fomit-frame-pointer -ffast-math -Winline -std=c99    conftest.c  >&5
configure:11589: $? = 0
configure:11597: result: yes
configure:11605: checking for alloca
configure:11642: gcc -o conftest -mfpmath=sse -msse2 -DUSE_SSE -O3 -fomit-frame-pointer -ffast-math -Winline -std=c99    conftest.c  >&5
configure:11642: $? = 0
configure:11650: result: yes
configure:11756: checking for working memcmp
configure:11799: gcc -o conftest -mfpmath=sse -msse2 -DUSE_SSE -O3 -fomit-frame-pointer -ffast-math -Winline -std=c99    conftest.c  >&5
configure:11799: $? = 0
configure:11799: ./conftest
configure:11799: $? = 0
configure:11809: result: yes
configure:11820: checking for vprintf
configure:11820: gcc -o conftest -mfpmath=sse -msse2 -DUSE_SSE -O3 -fomit-frame-pointer -ffast-math -Winline -std=c99    conftest.c  >&5
conftest.c:73:6: warning: conflicting types for built-in function 'vprintf' [enabled by default]
configure:11820: $? = 0
configure:11820: result: yes
configure:11826: checking for _doprnt
configure:11826: gcc -o conftest -mfpmath=sse -msse2 -DUSE_SSE -O3 -fomit-frame-pointer -ffast-math -Winline -std=c99    conftest.c  >&5
/tmp/ccqd4kLN.o: In function `main':
conftest.c:(.text.startup+0x7): undefined reference to `_doprnt'
collect2: error: ld returned 1 exit status
configure:11826: $? = 1
configure: failed program was:
| /* confdefs.h */
| #define PACKAGE_NAME ""
| #define PACKAGE_TARNAME ""
| #define PACKAGE_VERSION ""
| #define PACKAGE_STRING ""
| #define PACKAGE_BUGREPORT ""
| #define PACKAGE_URL ""
| #define STDC_HEADERS 1
| #define HAVE_SYS_TYPES_H 1
| #define HAVE_SYS_STAT_H 1
| #define HAVE_STDLIB_H 1
| #define HAVE_STRING_H 1
| #define HAVE_MEMORY_H 1
| #define HAVE_STRINGS_H 1
| #define HAVE_INTTYPES_H 1
| #define HAVE_STDINT_H 1
| #define HAVE_UNISTD_H 1
| #define __EXTENSIONS__ 1
| #define _ALL_SOURCE 1
| #define _GNU_SOURCE 1
| #define _POSIX_PTHREAD_SEMANTICS 1
| #define _TANDEM_SOURCE 1
| #define PACKAGE "crfsuite"
| #define VERSION "0.12"
| #define PROTOTYPES 1
| #define __PROTOTYPES 1
| #define HAVE_STRING_H 1
| #define HAVE_DLFCN_H 1
| #define LT_OBJDIR ".libs/"
| #define STDC_HEADERS 1
| #define HAVE_FCNTL_H 1
| #define HAVE_LIMITS_H 1
| #define HAVE_MALLOC_H 1
| #define HAVE_STRINGS_H 1
| #define HAVE_UNISTD_H 1
| #define HAVE_STDINT_H 1
| #define SIZEOF_ 0
| #define SIZEOF_SHORT 2
| #define SIZEOF_UNSIGNED_SHORT 2
| #define SIZEOF_INT 4
| #define SIZEOF_UNSIGNED_INT 4
| #define SIZEOF_LONG 8
| #define SIZEOF_UNSIGNED_LONG 8
| #define HAVE_UINT8_T 1
| #define HAVE_UINT16_T 1
| #define HAVE_UINT32_T 1
| #define HAVE_ALLOCA_H 1
| #define HAVE_ALLOCA 1
| #define HAVE_VPRINTF 1
| /* end confdefs.h.  */
| /* Define _doprnt to an innocuous variant, in case <limits.h> declares _doprnt.
|    For example, HP-UX 11i <limits.h> declares gettimeofday.  */
| #define _doprnt innocuous__doprnt
| 
| /* System header to define __stub macros and hopefully few prototypes,
|     which can conflict with char _doprnt (); below.
|     Prefer <limits.h> to <assert.h> if __STDC__ is defined, since
|     <limits.h> exists even on freestanding compilers.  */
| 
| #ifdef __STDC__
| # include <limits.h>
| #else
| # include <assert.h>
| #endif
| 
| #undef _doprnt
| 
| /* Override any GCC internal prototype to avoid an error.
|    Use char because int might match the return type of a GCC
|    builtin and then its argument prototype would still apply.  */
| #ifdef __cplusplus
| extern "C"
| #endif
| char _doprnt ();
| /* The GNU C library defines this for functions which it implements
|     to always fail with ENOSYS.  Some functions are actually named
|     something starting with __ and the normal name is an alias.  */
| #if defined __stub__doprnt || defined __stub____doprnt
| choke me
| #endif
| 
| int
| main ()
| {
| return _doprnt ();
|   ;
|   return 0;
| }
configure:11826: result: no
configure:11840: checking for strdup
configure:11840: gcc -o conftest -mfpmath=sse -msse2 -DUSE_SSE -O3 -fomit-frame-pointer -ffast-math -Winline -std=c99    conftest.c  >&5
configure:11840: $? = 0
configure:11840: result: yes
configure:11840: checking for strerror
configure:11840: gcc -o conftest -mfpmath=sse -msse2 -DUSE_SSE -O3 -fomit-frame-pointer -ffast-math -Winline -std=c99    conftest.c  >&5
configure:11840: $? = 0
configure:11840: result: yes
configure:11840: checking for strtol
configure:11840: gcc -o conftest -mfpmath=sse -msse2 -DUSE_SSE -O3 -fomit-frame-pointer -ffast-math -Winline -std=c99    conftest.c  >&5
configure:11840: $? = 0
configure:11840: result: yes
configure:11840: checking for strtoul
configure:11840: gcc -o conftest -mfpmath=sse -msse2 -DUSE_SSE -O3 -fomit-frame-pointer -ffast-math -Winline -std=c99    conftest.c  >&5
configure:11840: $? = 0
configure:11840: result: yes
configure:11850: checking for rand in -lm
configure:11875: gcc -o conftest -mfpmath=sse -msse2 -DUSE_SSE -O3 -fomit-frame-pointer -ffast-math -Winline -std=c99    conftest.c -lm   >&5
configure:11875: $? = 0
configure:11884: result: yes
configure:11903: checking for lbfgs in -llbfgs
configure:11928: gcc -o conftest -mfpmath=sse -msse2 -DUSE_SSE -O3 -fomit-frame-pointer -ffast-math -Winline -std=c99    conftest.c -llbfgs  -lm  >&5
configure:11928: $? = 0
configure:11937: result: yes
configure:12090: creating ./config.status

## ---------------------- ##
## Running config.status. ##
## ---------------------- ##

This file was extended by config.status, which was
generated by GNU Autoconf 2.69.  Invocation command line was

  CONFIG_FILES    = 
  CONFIG_HEADERS  = 
  CONFIG_LINKS    = 
  CONFIG_COMMANDS = 
  $ ./config.status 

on linux-7cwk.site

config.status:1106: creating Makefile
config.status:1106: creating genbinary.sh
config.status:1106: creating include/Makefile
config.status:1106: creating lib/cqdb/Makefile
config.status:1106: creating lib/crf/Makefile
config.status:1106: creating frontend/Makefile
config.status:1106: creating swig/Makefile
config.status:1106: creating config.h
config.status:1287: config.h is unchanged
config.status:1335: executing depfiles commands
config.status:1335: executing libtool commands

## ---------------- ##
## Cache variables. ##
## ---------------- ##

ac_cv_build=x86_64-unknown-linux-gnu
ac_cv_c_compiler_gnu=yes
ac_cv_c_const=yes
ac_cv_env_CC_set=
ac_cv_env_CC_value=
ac_cv_env_CFLAGS_set=
ac_cv_env_CFLAGS_value=
ac_cv_env_CPPFLAGS_set=
ac_cv_env_CPPFLAGS_value=
ac_cv_env_CPP_set=
ac_cv_env_CPP_value=
ac_cv_env_LDFLAGS_set=
ac_cv_env_LDFLAGS_value=
ac_cv_env_LIBS_set=
ac_cv_env_LIBS_value=
ac_cv_env_build_alias_set=
ac_cv_env_build_alias_value=
ac_cv_env_host_alias_set=
ac_cv_env_host_alias_value=
ac_cv_env_target_alias_set=
ac_cv_env_target_alias_value=
ac_cv_func__doprnt=no
ac_cv_func_alloca_works=yes
ac_cv_func_memcmp_working=yes
ac_cv_func_strdup=yes
ac_cv_func_strerror=yes
ac_cv_func_strtol=yes
ac_cv_func_strtoul=yes
ac_cv_func_vprintf=yes
ac_cv_header_dlfcn_h=yes
ac_cv_header_fcntl_h=yes
ac_cv_header_inttypes_h=yes
ac_cv_header_limits_h=yes
ac_cv_header_malloc_h=yes
ac_cv_header_memory_h=yes
ac_cv_header_minix_config_h=no
ac_cv_header_stdc=yes
ac_cv_header_stdint_h=yes
ac_cv_header_stdlib_h=yes
ac_cv_header_string_h=yes
ac_cv_header_strings_h=yes
ac_cv_header_sys_stat_h=yes
ac_cv_header_sys_types_h=yes
ac_cv_header_unistd_h=yes
ac_cv_host=x86_64-unknown-linux-gnu
ac_cv_lib_lbfgs_lbfgs=yes
ac_cv_lib_m_rand=yes
ac_cv_objext=o
ac_cv_path_EGREP='/usr/bin/grep -E'
ac_cv_path_FGREP='/usr/bin/grep -F'
ac_cv_path_GREP=/usr/bin/grep
ac_cv_path_SED=/usr/bin/sed
ac_cv_path_install='/usr/bin/install -c'
ac_cv_path_mkdir=/usr/bin/mkdir
ac_cv_prog_AWK=gawk
ac_cv_prog_CPP='gcc -E'
ac_cv_prog_ac_ct_AR=ar
ac_cv_prog_ac_ct_CC=gcc
ac_cv_prog_ac_ct_OBJDUMP=objdump
ac_cv_prog_ac_ct_RANLIB=ranlib
ac_cv_prog_ac_ct_STRIP=strip
ac_cv_prog_cc_c89=
ac_cv_prog_cc_g=yes
ac_cv_prog_cc_gcc_c_o=yes
ac_cv_prog_make_make_set=yes
ac_cv_safe_to_define___extensions__=yes
ac_cv_search_strerror='none required'
ac_cv_sizeof_=0
ac_cv_sizeof_int=4
ac_cv_sizeof_long=8
ac_cv_sizeof_short=2
ac_cv_sizeof_unsigned_int=4
ac_cv_sizeof_unsigned_long=8
ac_cv_sizeof_unsigned_short=2
ac_cv_struct_tm=time.h
ac_cv_type_size_t=yes
ac_cv_type_uint16_t=yes
ac_cv_type_uint32_t=yes
ac_cv_type_uint8_t=yes
ac_cv_working_alloca_h=yes
am_cv_CC_dependencies_compiler_type=gcc3
lt_cv_deplibs_check_method=pass_all
lt_cv_file_magic_cmd='$MAGIC_CMD'
lt_cv_file_magic_test_file=
lt_cv_ld_reload_flag=-r
lt_cv_nm_interface='BSD nm'
lt_cv_objdir=.libs
lt_cv_path_LD=/usr/x86_64-suse-linux/bin/ld
lt_cv_path_NM='/usr/bin/nm -B'
lt_cv_prog_compiler_c_o=yes
lt_cv_prog_compiler_pic_works=yes
lt_cv_prog_compiler_rtti_exceptions=no
lt_cv_prog_compiler_static_works=no
lt_cv_prog_gnu_ld=yes
lt_cv_sys_global_symbol_pipe='sed -n -e '\''s/^.*[	 ]\([ABCDGIRSTW][ABCDGIRSTW]*\)[	 ][	 ]*\([_A-Za-z][_A-Za-z0-9]*\)$/\1 \2 \2/p'\'''
lt_cv_sys_global_symbol_to_c_name_address='sed -n -e '\''s/^: \([^ ]*\) $/  {\"\1\", (void *) 0},/p'\'' -e '\''s/^[ABCDGIRSTW]* \([^ ]*\) \([^ ]*\)$/  {"\2", (void *) \&\2},/p'\'''
lt_cv_sys_global_symbol_to_c_name_address_lib_prefix='sed -n -e '\''s/^: \([^ ]*\) $/  {\"\1\", (void *) 0},/p'\'' -e '\''s/^[ABCDGIRSTW]* \([^ ]*\) \(lib[^ ]*\)$/  {"\2", (void *) \&\2},/p'\'' -e '\''s/^[ABCDGIRSTW]* \([^ ]*\) \([^ ]*\)$/  {"lib\2", (void *) \&\2},/p'\'''
lt_cv_sys_global_symbol_to_cdecl='sed -n -e '\''s/^T .* \(.*\)$/extern int \1();/p'\'' -e '\''s/^[ABCDGIRSTW]* .* \(.*\)$/extern char \1;/p'\'''
lt_cv_sys_max_cmd_len=1572864

## ----------------- ##
## Output variables. ##
## ----------------- ##

ACLOCAL='${SHELL} /home/sidorenko/Projects/CRFSuite/missing --run aclocal-1.11'
ALLOCA=''
AMDEPBACKSLASH='\'
AMDEP_FALSE='#'
AMDEP_TRUE=''
AMTAR='${SHELL} /home/sidorenko/Projects/CRFSuite/missing --run tar'
ANSI2KNR=''
AR='ar'
AUTOCONF='${SHELL} /home/sidorenko/Projects/CRFSuite/missing --run autoconf'
AUTOHEADER='${SHELL} /home/sidorenko/Projects/CRFSuite/missing --run autoheader'
AUTOMAKE='${SHELL} /home/sidorenko/Projects/CRFSuite/missing --run automake-1.11'
AWK='gawk'
CC='gcc'
CCDEPMODE='depmode=gcc3'
CFLAGS='-mfpmath=sse -msse2 -DUSE_SSE -O3 -fomit-frame-pointer -ffast-math -Winline -std=c99 '
CPP='gcc -E'
CPPFLAGS=''
CYGPATH_W='echo'
DEFS='-DHAVE_CONFIG_H'
DEPDIR='.deps'
DSYMUTIL=''
DUMPBIN=''
ECHO_C=''
ECHO_N='-n'
ECHO_T=''
EGREP='/usr/bin/grep -E'
EXEEXT=''
FGREP='/usr/bin/grep -F'
GREP='/usr/bin/grep'
INCLUDES='-I$(top_srcdir) -I$(top_srcdir)/include -I$(srcdir)'
INSTALL_DATA='${INSTALL} -m 644'
INSTALL_PROGRAM='${INSTALL}'
INSTALL_SCRIPT='${INSTALL}'
INSTALL_STRIP_PROGRAM='$(install_sh) -c -s'
LD='/usr/x86_64-suse-linux/bin/ld -m elf_x86_64'
LDFLAGS=''
LIBOBJS=''
LIBS='-llbfgs -lm '
LIBTOOL='$(SHELL) $(top_builddir)/libtool'
LIPO=''
LN_S='ln -s'
LTLIBOBJS=''
MAINT='#'
MAINTAINER_MODE_FALSE=''
MAINTAINER_MODE_TRUE='#'
MAKEINFO='${SHELL} /home/sidorenko/Projects/CRFSuite/missing --run makeinfo'
MKDIR_P='/usr/bin/mkdir -p'
NM='/usr/bin/nm -B'
NMEDIT=''
OBJDUMP='objdump'
OBJEXT='o'
OTOOL64=''
OTOOL=''
PACKAGE='crfsuite'
PACKAGE_BUGREPORT=''
PACKAGE_NAME=''
PACKAGE_STRING=''
PACKAGE_TARNAME=''
PACKAGE_URL=''
PACKAGE_VERSION=''
PATH_SEPARATOR=':'
RANLIB='ranlib'
SED='/usr/bin/sed'
SET_MAKE=''
SHELL='/bin/sh'
STRIP='strip'
U=''
VERSION='0.12'
ac_ct_CC='gcc'
ac_ct_DUMPBIN=''
am__EXEEXT_FALSE=''
am__EXEEXT_TRUE='#'
am__fastdepCC_FALSE='#'
am__fastdepCC_TRUE=''
am__include='include'
am__isrc=''
am__leading_dot='.'
am__quote=''
am__tar='${AMTAR} chof - "$$tardir"'
am__untar='${AMTAR} xf -'
bindir='${exec_prefix}/bin'
build='x86_64-unknown-linux-gnu'
build_alias=''
build_cpu='x86_64'
build_os='linux-gnu'
build_vendor='unknown'
datadir='${datarootdir}'
datarootdir='${prefix}/share'
docdir='${datarootdir}/doc/${PACKAGE}'
dvidir='${docdir}'
exec_prefix='${prefix}'
host='x86_64-unknown-linux-gnu'
host_alias=''
host_cpu='x86_64'
host_os='linux-gnu'
host_vendor='unknown'
htmldir='${docdir}'
includedir='${prefix}/include'
infodir='${datarootdir}/info'
install_sh='${SHELL} /home/sidorenko/Projects/CRFSuite/install-sh'
libdir='${exec_prefix}/lib64'
libexecdir='${exec_prefix}/lib'
localedir='${datarootdir}/locale'
localstatedir='${prefix}/var'
lt_ECHO='echo'
mandir='${datarootdir}/man'
mkdir_p='/usr/bin/mkdir -p'
oldincludedir='/usr/include'
pdfdir='${docdir}'
prefix='/usr/local'
program_transform_name='s,x,x,'
psdir='${docdir}'
sbindir='${exec_prefix}/sbin'
sharedstatedir='${prefix}/com'
sysconfdir='${prefix}/etc'
target_alias=''

## ----------- ##
## confdefs.h. ##
## ----------- ##

/* confdefs.h */
#define PACKAGE_NAME ""
#define PACKAGE_TARNAME ""
#define PACKAGE_VERSION ""
#define PACKAGE_STRING ""
#define PACKAGE_BUGREPORT ""
#define PACKAGE_URL ""
#define STDC_HEADERS 1
#define HAVE_SYS_TYPES_H 1
#define HAVE_SYS_STAT_H 1
#define HAVE_STDLIB_H 1
#define HAVE_STRING_H 1
#define HAVE_MEMORY_H 1
#define HAVE_STRINGS_H 1
#define HAVE_INTTYPES_H 1
#define HAVE_STDINT_H 1
#define HAVE_UNISTD_H 1
#define __EXTENSIONS__ 1
#define _ALL_SOURCE 1
#define _GNU_SOURCE 1
#define _POSIX_PTHREAD_SEMANTICS 1
#define _TANDEM_SOURCE 1
#define PACKAGE "crfsuite"
#define VERSION "0.12"
#define PROTOTYPES 1
#define __PROTOTYPES 1
#define HAVE_STRING_H 1
#define HAVE_DLFCN_H 1
#define LT_OBJDIR ".libs/"
#define STDC_HEADERS 1
#define HAVE_FCNTL_H 1
#define HAVE_LIMITS_H 1
#define HAVE_MALLOC_H 1
#define HAVE_STRINGS_H 1
#define HAVE_UNISTD_H 1
#define HAVE_STDINT_H 1
#define SIZEOF_ 0
#define SIZEOF_SHORT 2
#define SIZEOF_UNSIGNED_SHORT 2
#define SIZEOF_INT 4
#define SIZEOF_UNSIGNED_INT 4
#define SIZEOF_LONG 8
#define SIZEOF_UNSIGNED_LONG 8
#define HAVE_UINT8_T 1
#define HAVE_UINT16_T 1
#define HAVE_UINT32_T 1
#define HAVE_ALLOCA_H 1
#define HAVE_ALLOCA 1
#define HAVE_VPRINTF 1
#define HAVE_STRDUP 1
#define HAVE_STRERROR 1
#define HAVE_STRTOL 1
#define HAVE_STRTOUL 1
#define HAVE_LIBM 1
#define HAVE_LIBLBFGS 1

configure: exit 0
